<?xml version="1.0"?>
<houses>
	<house name="Castle of Snakes" houseid="1" entryx="103" entryy="30" entryz="7" rent="0" townid="1" size="304" />
	<house name="Unnamed House #2" houseid="2" entryx="140" entryy="33" entryz="7" rent="0" townid="1" size="38" />
	<house name="Unnamed House #3" houseid="3" entryx="148" entryy="33" entryz="7" rent="0" townid="1" size="19" />
	<house name="Unnamed House #4" houseid="4" entryx="158" entryy="34" entryz="7" rent="0" townid="1" size="18" />
	<house name="Unnamed House #5" houseid="5" entryx="163" entryy="37" entryz="7" rent="0" townid="1" size="28" />
	<house name="Unnamed House #6" houseid="6" entryx="165" entryy="31" entryz="6" rent="0" townid="1" size="32" />
	<house name="Unnamed House #7" houseid="7" entryx="165" entryy="33" entryz="6" rent="0" townid="1" size="10" />
	<house name="Unnamed House #8" houseid="8" entryx="165" entryy="35" entryz="6" rent="0" townid="1" size="13" />
	<house name="Unnamed House #9" houseid="9" entryx="168" entryy="31" entryz="5" rent="0" townid="1" size="20" />
	<house name="Unnamed House #10" houseid="10" entryx="168" entryy="33" entryz="5" rent="0" townid="1" size="21" />
	<house name="Unnamed House #11" houseid="11" entryx="176" entryy="33" entryz="7" rent="0" townid="1" size="13" />
	<house name="Unnamed House #12" houseid="12" entryx="180" entryy="33" entryz="7" rent="0" townid="1" size="13" />
	<house name="Unnamed House #13" houseid="13" entryx="178" entryy="36" entryz="7" rent="0" townid="1" size="13" />
	<house name="Unnamed House #14" houseid="14" entryx="177" entryy="34" entryz="6" rent="0" townid="1" size="13" />
	<house name="Unnamed House #15" houseid="15" entryx="181" entryy="34" entryz="6" rent="0" townid="1" size="13" />
	<house name="Unnamed House #16" houseid="16" entryx="179" entryy="37" entryz="6" rent="0" townid="1" size="13" />
	<house name="Unnamed House #17" houseid="17" entryx="144" entryy="41" entryz="7" rent="0" townid="1" size="12" />
	<house name="Unnamed House #18" houseid="18" entryx="145" entryy="41" entryz="6" rent="0" townid="1" size="12" />
	<house name="Unnamed House #19" houseid="19" entryx="145" entryy="41" entryz="5" rent="0" townid="1" size="12" />
	<house name="Unnamed House #20" houseid="20" entryx="129" entryy="60" entryz="7" rent="0" townid="1" size="10" />
	<house name="Unnamed House #21" houseid="21" entryx="134" entryy="60" entryz="7" rent="0" townid="1" size="10" />
	<house name="Unnamed House #22" houseid="22" entryx="148" entryy="58" entryz="7" rent="0" townid="1" size="13" />
	<house name="Unnamed House #23" houseid="23" entryx="153" entryy="58" entryz="7" rent="0" townid="1" size="13" />
	<house name="Unnamed House #24" houseid="24" entryx="158" entryy="58" entryz="7" rent="0" townid="1" size="13" />
	<house name="Unnamed House #25" houseid="25" entryx="148" entryy="58" entryz="6" rent="0" townid="1" size="15" />
	<house name="Unnamed House #26" houseid="26" entryx="153" entryy="58" entryz="6" rent="0" townid="1" size="15" />
	<house name="Unnamed House #27" houseid="27" entryx="158" entryy="58" entryz="6" rent="0" townid="1" size="15" />
	<house name="Unnamed House #28" houseid="28" entryx="176" entryy="57" entryz="7" rent="0" townid="1" size="39" />
	<house name="The Tibianic" houseid="29" entryx="199" entryy="51" entryz="6" rent="0" townid="1" size="347" />
	<house name="Unnamed House #30" houseid="30" entryx="0" entryy="0" entryz="0" rent="0" townid="1" size="0" />
	<house name="Unnamed House #31" houseid="31" entryx="212" entryy="73" entryz="7" rent="0" townid="1" size="13" />
	<house name="Unnamed House #32" houseid="32" entryx="212" entryy="77" entryz="7" rent="0" townid="1" size="13" />
	<house name="Unnamed House #33" houseid="33" entryx="205" entryy="75" entryz="6" rent="0" townid="1" size="17" />
	<house name="Unnamed House #34" houseid="34" entryx="205" entryy="75" entryz="6" rent="0" townid="1" size="20" />
	<house name="Unnamed House #35" houseid="35" entryx="212" entryy="73" entryz="6" rent="0" townid="1" size="13" />
	<house name="Unnamed House #36" houseid="36" entryx="212" entryy="74" entryz="6" rent="0" townid="1" size="26" />
	<house name="Sand Mansion" houseid="37" entryx="218" entryy="100" entryz="7" rent="0" townid="1" size="110" />
	<house name="Unnamed House #38" houseid="38" entryx="176" entryy="97" entryz="7" rent="0" townid="1" size="15" />
	<house name="Unnamed House #39" houseid="39" entryx="185" entryy="97" entryz="7" rent="0" townid="1" size="12" />
	<house name="Unnamed House #40" houseid="40" entryx="171" entryy="102" entryz="7" rent="0" townid="1" size="15" />
	<house name="Unnamed House #41" houseid="41" entryx="181" entryy="105" entryz="7" rent="0" townid="1" size="30" />
	<house name="Unnamed House #42" houseid="42" entryx="185" entryy="101" entryz="7" rent="0" townid="1" size="12" />
	<house name="Unnamed House #43" houseid="43" entryx="185" entryy="105" entryz="7" rent="0" townid="1" size="15" />
</houses>
