<?xml version="1.0"?>
<houses>
	<house name="Small Street I" houseid="1" entryx="144" entryy="41" entryz="7" rent="0" townid="1" size="12" />
	<house name="Small Street II" houseid="2" entryx="145" entryy="41" entryz="6" rent="0" townid="1" size="12" />
	<house name="Small Street III" houseid="3" entryx="145" entryy="41" entryz="5" rent="0" townid="1" size="12" />
	<house name="Great Street I" houseid="4" entryx="140" entryy="33" entryz="7" rent="0" townid="1" size="38" />
	<house name="Great Street II" houseid="5" entryx="148" entryy="33" entryz="7" rent="0" townid="1" size="19" />
	<house name="Great Street III" houseid="6" entryx="157" entryy="34" entryz="7" rent="0" townid="1" size="18" />
	<house name="Great Street IV" houseid="7" entryx="163" entryy="37" entryz="7" rent="0" townid="1" size="28" />
	<house name="Upper Street I" houseid="8" entryx="165" entryy="31" entryz="6" rent="0" townid="1" size="32" />
	<house name="Upper Street II" houseid="9" entryx="165" entryy="35" entryz="6" rent="0" townid="1" size="13" />
	<house name="Upper Street III" houseid="10" entryx="165" entryy="33" entryz="6" rent="0" townid="1" size="10" />
	<house name="Upper Street IV" houseid="11" entryx="168" entryy="31" entryz="5" rent="0" townid="1" size="20" />
	<house name="Upper Street V" houseid="12" entryx="168" entryy="33" entryz="5" rent="0" townid="1" size="21" />
	<house name="Green Street I" houseid="13" entryx="178" entryy="36" entryz="7" rent="0" townid="1" size="13" />
	<house name="Green Street II" houseid="14" entryx="180" entryy="33" entryz="7" rent="0" townid="1" size="13" />
	<house name="Green Street III" houseid="15" entryx="176" entryy="33" entryz="7" rent="0" townid="1" size="13" />
	<house name="Green Street IV" houseid="16" entryx="179" entryy="37" entryz="6" rent="0" townid="1" size="13" />
	<house name="Green Street V" houseid="17" entryx="181" entryy="34" entryz="6" rent="0" townid="1" size="13" />
	<house name="Green Street VI" houseid="18" entryx="177" entryy="34" entryz="6" rent="0" townid="1" size="13" />
	<house name="Pirate Street" houseid="19" entryx="176" entryy="57" entryz="7" rent="0" townid="1" size="39" />
	<house name="River Street I" houseid="20" entryx="129" entryy="60" entryz="7" rent="0" townid="1" size="10" />
	<house name="River Street II" houseid="21" entryx="134" entryy="60" entryz="7" rent="0" townid="1" size="10" />
	<house name="River Street III" houseid="22" entryx="148" entryy="58" entryz="7" rent="0" townid="1" size="13" />
	<house name="River Street IV" houseid="23" entryx="153" entryy="58" entryz="7" rent="0" townid="1" size="13" />
	<house name="River Street V" houseid="24" entryx="158" entryy="58" entryz="7" rent="0" townid="1" size="13" />
	<house name="River Street VI" houseid="25" entryx="148" entryy="58" entryz="6" rent="0" townid="1" size="15" />
	<house name="River Street VII" houseid="26" entryx="153" entryy="58" entryz="6" rent="0" townid="1" size="15" />
	<house name="River Street VIII" houseid="27" entryx="158" entryy="58" entryz="6" rent="0" townid="1" size="15" />
	<house name="Desert Street I" houseid="28" entryx="212" entryy="77" entryz="7" rent="0" townid="1" size="13" />
	<house name="Desert Street II" houseid="29" entryx="212" entryy="73" entryz="7" rent="0" townid="1" size="13" />
	<house name="Desert Street III" houseid="30" entryx="212" entryy="73" entryz="6" rent="0" townid="1" size="13" />
	<house name="Desert Street IV" houseid="31" entryx="212" entryy="74" entryz="6" rent="0" townid="1" size="26" />
	<house name="Desert Street V" houseid="32" entryx="205" entryy="75" entryz="6" rent="0" townid="1" size="17" />
	<house name="Desert Street VI" houseid="33" entryx="205" entryy="75" entryz="6" rent="0" townid="1" size="20" />
	<house name="The Tibianic" houseid="34" entryx="199" entryy="51" entryz="6" rent="0" townid="1" size="347" />
	<house name="Castle of the Snakes" houseid="35" entryx="103" entryy="30" entryz="7" rent="0" townid="1" size="306" />
	<house name="Sand Mansion" houseid="36" entryx="218" entryy="100" entryz="7" rent="0" townid="1" size="110" />
	<house name="Bamboo Camp I" houseid="37" entryx="181" entryy="105" entryz="7" rent="0" townid="1" size="30" />
	<house name="Bamboo Camp II" houseid="38" entryx="171" entryy="102" entryz="7" rent="0" townid="1" size="15" />
	<house name="Bamboo Camp III" houseid="39" entryx="176" entryy="97" entryz="7" rent="0" townid="1" size="15" />
	<house name="Bamboo Camp IV" houseid="40" entryx="185" entryy="97" entryz="7" rent="0" townid="1" size="12" />
	<house name="Bamboo Camp V" houseid="41" entryx="185" entryy="101" entryz="7" rent="0" townid="1" size="12" />
	<house name="Bamboo Camp VI" houseid="42" entryx="185" entryy="105" entryz="7" rent="0" townid="1" size="15" />
</houses>
